Arguments: 
  /usr/local/Cellar/node/9.6.1/bin/node /usr/local/Cellar/yarn/1.5.1/libexec/bin/yarn.js webpack webpack-cli

PATH: 
  /usr/local/mongodb/bin:/usr/local/opt/icu4c/sbin:/usr/local/opt/icu4c/sbin:/usr/local/opt/icu4c/bin:/Users/sharatht/Library/Python/3.6/bin:/Library/Frameworks/Python.framework/Versions/3.6/bin:/usr/local/bin:/usr/bin:/bin:/usr/sbin:/sbin:/usr/local/mongodb/bin:/usr/local/opt/icu4c/sbin:/usr/local/opt/icu4c/bin:/Users/sharatht/Library/Python/3.6/bin:/Library/Frameworks/Python.framework/Versions/3.6/bin:Users/sharatht/Library/Android/sdk/platform-tools:/Users/sharatht/Library/Android/sdk/tools:/Users/sharatht/.npm-packages/bin:Users/sharatht/Library/Android/sdk/platform-tools:/Users/sharatht/Library/Android/sdk/tools:/Users/sharatht/.npm-packages/bin

Yarn version: 
  1.5.1

Node version: 
  9.6.1

Platform: 
  darwin x64

npm manifest: 
  {
    "name": "webpack-tutorial",
    "version": "1.0.0",
    "description": "webpack start",
    "main": "index.js",
    "author": "sharath chandra",
    "license": "MIT",
    "private": true
  }

yarn manifest: 
  No manifest

Lockfile: 
  No lockfile

Trace: 
  Error: Command "webpack" not found.
      at new MessageError (/usr/local/Cellar/yarn/1.5.1/libexec/lib/cli.js:186:110)
      at /usr/local/Cellar/yarn/1.5.1/libexec/lib/cli.js:87307:17
      at Generator.next (<anonymous>)
      at step (/usr/local/Cellar/yarn/1.5.1/libexec/lib/cli.js:98:30)
      at /usr/local/Cellar/yarn/1.5.1/libexec/lib/cli.js:116:14
      at new Promise (<anonymous>)
      at new F (/usr/local/Cellar/yarn/1.5.1/libexec/lib/cli.js:23451:28)
      at /usr/local/Cellar/yarn/1.5.1/libexec/lib/cli.js:95:12
      at runCommand (/usr/local/Cellar/yarn/1.5.1/libexec/lib/cli.js:87312:22)
      at Object.<anonymous> (/usr/local/Cellar/yarn/1.5.1/libexec/lib/cli.js:87412:14)
