Arguments: 
  /usr/local/Cellar/node/9.6.1/bin/node /usr/local/Cellar/yarn/1.5.1/libexec/bin/yarn.js init

PATH: 
  /usr/local/mongodb/bin:/usr/local/opt/icu4c/sbin:/usr/local/opt/icu4c/sbin:/usr/local/opt/icu4c/bin:/Users/sharatht/Library/Python/3.6/bin:/Library/Frameworks/Python.framework/Versions/3.6/bin:/usr/local/bin:/usr/bin:/bin:/usr/sbin:/sbin:/usr/local/opt/icu4c/sbin:/usr/local/opt/icu4c/bin:/Users/sharatht/Library/Python/3.6/bin:/Library/Frameworks/Python.framework/Versions/3.6/bin:Users/sharatht/Library/Android/sdk/platform-tools:/Users/sharatht/Library/Android/sdk/tools:/Users/sharatht/.npm-packages/bin:Users/sharatht/Library/Android/sdk/platform-tools:/Users/sharatht/Library/Android/sdk/tools:/Users/sharatht/.npm-packages/bin

Yarn version: 
  1.5.1

Node version: 
  9.6.1

Platform: 
  darwin x64

npm manifest: 
  No manifest

yarn manifest: 
  No manifest

Lockfile: 
  No lockfile

Trace: 
  Error: canceled
      at Interface.<anonymous> (/usr/local/Cellar/yarn/1.5.1/libexec/lib/cli.js:128791:13)
      at Interface.emit (events.js:127:13)
      at Interface._ttyWrite (readline.js:783:16)
      at ReadStream.onkeypress (readline.js:163:10)
      at ReadStream.emit (events.js:127:13)
      at emitKeys (internal/readline.js:420:14)
      at emitKeys.next (<anonymous>)
      at ReadStream.onData (readline.js:1019:36)
      at ReadStream.emit (events.js:127:13)
      at addChunk (_stream_readable.js:269:12)
